2023-11-06 22:34:45,090 [main] ERROR [org.springframework.boot.SpringApplication] SpringApplication.java:821 - Application run failed
java.lang.IllegalStateException: java.lang.IllegalStateException: Logback configuration error detected: 
ERROR in ch.qos.logback.core.joran.action.NestedComplexPropertyIA - Could not create component [layout] of type [org.apache.skywalking.apm.toolkit.log.logback.v1.x.TraceIdPatternLogbackLayout] java.lang.ClassNotFoundException: org.apache.skywalking.apm.toolkit.log.logback.v1.x.TraceIdPatternLogbackLayout
ERROR in ch.qos.logback.core.joran.spi.Interpreter@51:26 - no applicable action for [Pattern], current ElementPath  is [[configuration][appender][encoder][layout][Pattern]]
ERROR in ch.qos.logback.core.joran.action.AppenderAction - Could not create an Appender of type [org.apache.skywalking.apm.toolkit.log.logback.v1.x.log.GRPCLogClientAppender]. ch.qos.logback.core.util.DynamicClassLoadingException: Failed to instantiate type org.apache.skywalking.apm.toolkit.log.logback.v1.x.log.GRPCLogClientAppender
ERROR in ch.qos.logback.core.joran.spi.Interpreter@56:112 - ActionException in Action for tag [appender] ch.qos.logback.core.joran.spi.ActionException: ch.qos.logback.core.util.DynamicClassLoadingException: Failed to instantiate type org.apache.skywalking.apm.toolkit.log.logback.v1.x.log.GRPCLogClientAppender
ERROR in ch.qos.logback.core.joran.action.AppenderRefAction - Could not find an appender named [grpc]. Did you define it below instead of above in the configuration file?
ERROR in ch.qos.logback.core.joran.action.AppenderRefAction - See http://logback.qos.ch/codes.html#appender_order for more details.
	at org.springframework.boot.context.logging.LoggingApplicationListener.initializeSystem(LoggingApplicationListener.java:344)
	at org.springframework.boot.context.logging.LoggingApplicationListener.initialize(LoggingApplicationListener.java:298)
	at org.springframework.boot.context.logging.LoggingApplicationListener.onApplicationEnvironmentPreparedEvent(LoggingApplicationListener.java:246)
	at org.springframework.boot.context.logging.LoggingApplicationListener.onApplicationEvent(LoggingApplicationListener.java:223)
	at org.springframework.context.event.SimpleApplicationEventMulticaster.doInvokeListener(SimpleApplicationEventMulticaster.java:176)
	at org.springframework.context.event.SimpleApplicationEventMulticaster.invokeListener(SimpleApplicationEventMulticaster.java:169)
	at org.springframework.context.event.SimpleApplicationEventMulticaster.multicastEvent(SimpleApplicationEventMulticaster.java:143)
	at org.springframework.context.event.SimpleApplicationEventMulticaster.multicastEvent(SimpleApplicationEventMulticaster.java:131)
	at org.springframework.boot.context.event.EventPublishingRunListener.environmentPrepared(EventPublishingRunListener.java:85)
	at org.springframework.boot.SpringApplicationRunListeners.lambda$environmentPrepared$2(SpringApplicationRunListeners.java:66)
	at java.base/java.util.ArrayList.forEach(ArrayList.java:1511)
	at org.springframework.boot.SpringApplicationRunListeners.doWithListeners(SpringApplicationRunListeners.java:120)
	at org.springframework.boot.SpringApplicationRunListeners.doWithListeners(SpringApplicationRunListeners.java:114)
	at org.springframework.boot.SpringApplicationRunListeners.environmentPrepared(SpringApplicationRunListeners.java:65)
	at org.springframework.boot.SpringApplication.prepareEnvironment(SpringApplication.java:343)
	at org.springframework.boot.SpringApplication.run(SpringApplication.java:301)
	at org.springframework.boot.SpringApplication.run(SpringApplication.java:1303)
	at org.springframework.boot.SpringApplication.run(SpringApplication.java:1292)
	at org.example.SpringbootFlywayApplication.main(Main.java:9)
Caused by: java.lang.IllegalStateException: Logback configuration error detected: 
ERROR in ch.qos.logback.core.joran.action.NestedComplexPropertyIA - Could not create component [layout] of type [org.apache.skywalking.apm.toolkit.log.logback.v1.x.TraceIdPatternLogbackLayout] java.lang.ClassNotFoundException: org.apache.skywalking.apm.toolkit.log.logback.v1.x.TraceIdPatternLogbackLayout
ERROR in ch.qos.logback.core.joran.spi.Interpreter@51:26 - no applicable action for [Pattern], current ElementPath  is [[configuration][appender][encoder][layout][Pattern]]
ERROR in ch.qos.logback.core.joran.action.AppenderAction - Could not create an Appender of type [org.apache.skywalking.apm.toolkit.log.logback.v1.x.log.GRPCLogClientAppender]. ch.qos.logback.core.util.DynamicClassLoadingException: Failed to instantiate type org.apache.skywalking.apm.toolkit.log.logback.v1.x.log.GRPCLogClientAppender
ERROR in ch.qos.logback.core.joran.spi.Interpreter@56:112 - ActionException in Action for tag [appender] ch.qos.logback.core.joran.spi.ActionException: ch.qos.logback.core.util.DynamicClassLoadingException: Failed to instantiate type org.apache.skywalking.apm.toolkit.log.logback.v1.x.log.GRPCLogClientAppender
ERROR in ch.qos.logback.core.joran.action.AppenderRefAction - Could not find an appender named [grpc]. Did you define it below instead of above in the configuration file?
ERROR in ch.qos.logback.core.joran.action.AppenderRefAction - See http://logback.qos.ch/codes.html#appender_order for more details.
	at org.springframework.boot.logging.logback.LogbackLoggingSystem.reportConfigurationErrorsIfNecessary(LogbackLoggingSystem.java:189)
	at org.springframework.boot.logging.logback.LogbackLoggingSystem.loadConfiguration(LogbackLoggingSystem.java:170)
	at org.springframework.boot.logging.AbstractLoggingSystem.initializeWithConventions(AbstractLoggingSystem.java:80)
	at org.springframework.boot.logging.AbstractLoggingSystem.initialize(AbstractLoggingSystem.java:60)
	at org.springframework.boot.logging.logback.LogbackLoggingSystem.initialize(LogbackLoggingSystem.java:132)
	at org.springframework.boot.context.logging.LoggingApplicationListener.initializeSystem(LoggingApplicationListener.java:329)
	... 18 common frames omitted
	Suppressed: java.lang.ClassNotFoundException: org.apache.skywalking.apm.toolkit.log.logback.v1.x.TraceIdPatternLogbackLayout
		at java.base/jdk.internal.loader.BuiltinClassLoader.loadClass(BuiltinClassLoader.java:641)
		at java.base/jdk.internal.loader.ClassLoaders$AppClassLoader.loadClass(ClassLoaders.java:188)
		at java.base/java.lang.ClassLoader.loadClass(ClassLoader.java:520)
		at ch.qos.logback.core.util.Loader.loadClass(Loader.java:120)
		at ch.qos.logback.core.joran.action.NestedComplexPropertyIA.begin(NestedComplexPropertyIA.java:102)
		at ch.qos.logback.core.joran.spi.Interpreter.callBeginAction(Interpreter.java:269)
		at ch.qos.logback.core.joran.spi.Interpreter.startElement(Interpreter.java:145)
		at ch.qos.logback.core.joran.spi.Interpreter.startElement(Interpreter.java:128)
		at ch.qos.logback.core.joran.spi.EventPlayer.play(EventPlayer.java:50)
		at ch.qos.logback.core.joran.GenericConfigurator.doConfigure(GenericConfigurator.java:165)
		at ch.qos.logback.core.joran.GenericConfigurator.doConfigure(GenericConfigurator.java:152)
		at ch.qos.logback.core.joran.GenericConfigurator.doConfigure(GenericConfigurator.java:110)
		at ch.qos.logback.core.joran.GenericConfigurator.doConfigure(GenericConfigurator.java:53)
		at org.springframework.boot.logging.logback.LogbackLoggingSystem.configureByResourceUrl(LogbackLoggingSystem.java:199)
		at org.springframework.boot.logging.logback.LogbackLoggingSystem.loadConfiguration(LogbackLoggingSystem.java:165)
		... 22 common frames omitted
	Suppressed: ch.qos.logback.core.util.DynamicClassLoadingException: Failed to instantiate type org.apache.skywalking.apm.toolkit.log.logback.v1.x.log.GRPCLogClientAppender
		at ch.qos.logback.core.util.OptionHelper.instantiateByClassNameAndParameter(OptionHelper.java:68)
		at ch.qos.logback.core.util.OptionHelper.instantiateByClassName(OptionHelper.java:44)
		at ch.qos.logback.core.util.OptionHelper.instantiateByClassName(OptionHelper.java:33)
		at ch.qos.logback.core.joran.action.AppenderAction.begin(AppenderAction.java:52)
		at ch.qos.logback.core.joran.spi.Interpreter.callBeginAction(Interpreter.java:269)
		at ch.qos.logback.core.joran.spi.Interpreter.startElement(Interpreter.java:145)
		at ch.qos.logback.core.joran.spi.Interpreter.startElement(Interpreter.java:128)
		at ch.qos.logback.core.joran.spi.EventPlayer.play(EventPlayer.java:50)
		at ch.qos.logback.core.joran.GenericConfigurator.doConfigure(GenericConfigurator.java:165)
		at ch.qos.logback.core.joran.GenericConfigurator.doConfigure(GenericConfigurator.java:152)
		at ch.qos.logback.core.joran.GenericConfigurator.doConfigure(GenericConfigurator.java:110)
		at ch.qos.logback.core.joran.GenericConfigurator.doConfigure(GenericConfigurator.java:53)
		at org.springframework.boot.logging.logback.LogbackLoggingSystem.configureByResourceUrl(LogbackLoggingSystem.java:199)
		at org.springframework.boot.logging.logback.LogbackLoggingSystem.loadConfiguration(LogbackLoggingSystem.java:165)
		... 22 common frames omitted
	Caused by: java.lang.ClassNotFoundException: org.apache.skywalking.apm.toolkit.log.logback.v1.x.log.GRPCLogClientAppender
		at java.base/jdk.internal.loader.BuiltinClassLoader.loadClass(BuiltinClassLoader.java:641)
		at java.base/jdk.internal.loader.ClassLoaders$AppClassLoader.loadClass(ClassLoaders.java:188)
		at java.base/java.lang.ClassLoader.loadClass(ClassLoader.java:520)
		at ch.qos.logback.core.util.OptionHelper.instantiateByClassNameAndParameter(OptionHelper.java:55)
		... 35 common frames omitted
	Suppressed: ch.qos.logback.core.joran.spi.ActionException: ch.qos.logback.core.util.DynamicClassLoadingException: Failed to instantiate type org.apache.skywalking.apm.toolkit.log.logback.v1.x.log.GRPCLogClientAppender
		at ch.qos.logback.core.joran.action.AppenderAction.begin(AppenderAction.java:76)
		at ch.qos.logback.core.joran.spi.Interpreter.callBeginAction(Interpreter.java:269)
		at ch.qos.logback.core.joran.spi.Interpreter.startElement(Interpreter.java:145)
		at ch.qos.logback.core.joran.spi.Interpreter.startElement(Interpreter.java:128)
		at ch.qos.logback.core.joran.spi.EventPlayer.play(EventPlayer.java:50)
		at ch.qos.logback.core.joran.GenericConfigurator.doConfigure(GenericConfigurator.java:165)
		at ch.qos.logback.core.joran.GenericConfigurator.doConfigure(GenericConfigurator.java:152)
		at ch.qos.logback.core.joran.GenericConfigurator.doConfigure(GenericConfigurator.java:110)
		at ch.qos.logback.core.joran.GenericConfigurator.doConfigure(GenericConfigurator.java:53)
		at org.springframework.boot.logging.logback.LogbackLoggingSystem.configureByResourceUrl(LogbackLoggingSystem.java:199)
		at org.springframework.boot.logging.logback.LogbackLoggingSystem.loadConfiguration(LogbackLoggingSystem.java:165)
		... 22 common frames omitted
	Caused by: ch.qos.logback.core.util.DynamicClassLoadingException: Failed to instantiate type org.apache.skywalking.apm.toolkit.log.logback.v1.x.log.GRPCLogClientAppender
2023-11-06 22:35:32,103 [main] ERROR [org.springframework.boot.SpringApplication] SpringApplication.java:821 - Application run failed
java.lang.IllegalStateException: java.lang.IllegalStateException: Logback configuration error detected: 
ERROR in ch.qos.logback.core.joran.action.NestedComplexPropertyIA - Could not create component [layout] of type [org.apache.skywalking.apm.toolkit.log.logback.v1.x.TraceIdPatternLogbackLayout] java.lang.ClassNotFoundException: org.apache.skywalking.apm.toolkit.log.logback.v1.x.TraceIdPatternLogbackLayout
ERROR in ch.qos.logback.core.joran.spi.Interpreter@51:26 - no applicable action for [Pattern], current ElementPath  is [[configuration][appender][encoder][layout][Pattern]]
	at org.springframework.boot.context.logging.LoggingApplicationListener.initializeSystem(LoggingApplicationListener.java:344)
	at org.springframework.boot.context.logging.LoggingApplicationListener.initialize(LoggingApplicationListener.java:298)
	at org.springframework.boot.context.logging.LoggingApplicationListener.onApplicationEnvironmentPreparedEvent(LoggingApplicationListener.java:246)
	at org.springframework.boot.context.logging.LoggingApplicationListener.onApplicationEvent(LoggingApplicationListener.java:223)
	at org.springframework.context.event.SimpleApplicationEventMulticaster.doInvokeListener(SimpleApplicationEventMulticaster.java:176)
	at org.springframework.context.event.SimpleApplicationEventMulticaster.invokeListener(SimpleApplicationEventMulticaster.java:169)
	at org.springframework.context.event.SimpleApplicationEventMulticaster.multicastEvent(SimpleApplicationEventMulticaster.java:143)
	at org.springframework.context.event.SimpleApplicationEventMulticaster.multicastEvent(SimpleApplicationEventMulticaster.java:131)
	at org.springframework.boot.context.event.EventPublishingRunListener.environmentPrepared(EventPublishingRunListener.java:85)
	at org.springframework.boot.SpringApplicationRunListeners.lambda$environmentPrepared$2(SpringApplicationRunListeners.java:66)
	at java.base/java.util.ArrayList.forEach(ArrayList.java:1511)
	at org.springframework.boot.SpringApplicationRunListeners.doWithListeners(SpringApplicationRunListeners.java:120)
	at org.springframework.boot.SpringApplicationRunListeners.doWithListeners(SpringApplicationRunListeners.java:114)
	at org.springframework.boot.SpringApplicationRunListeners.environmentPrepared(SpringApplicationRunListeners.java:65)
	at org.springframework.boot.SpringApplication.prepareEnvironment(SpringApplication.java:343)
	at org.springframework.boot.SpringApplication.run(SpringApplication.java:301)
	at org.springframework.boot.SpringApplication.run(SpringApplication.java:1303)
	at org.springframework.boot.SpringApplication.run(SpringApplication.java:1292)
	at org.example.SpringbootFlywayApplication.main(Main.java:9)
Caused by: java.lang.IllegalStateException: Logback configuration error detected: 
ERROR in ch.qos.logback.core.joran.action.NestedComplexPropertyIA - Could not create component [layout] of type [org.apache.skywalking.apm.toolkit.log.logback.v1.x.TraceIdPatternLogbackLayout] java.lang.ClassNotFoundException: org.apache.skywalking.apm.toolkit.log.logback.v1.x.TraceIdPatternLogbackLayout
ERROR in ch.qos.logback.core.joran.spi.Interpreter@51:26 - no applicable action for [Pattern], current ElementPath  is [[configuration][appender][encoder][layout][Pattern]]
	at org.springframework.boot.logging.logback.LogbackLoggingSystem.reportConfigurationErrorsIfNecessary(LogbackLoggingSystem.java:189)
	at org.springframework.boot.logging.logback.LogbackLoggingSystem.loadConfiguration(LogbackLoggingSystem.java:170)
	at org.springframework.boot.logging.AbstractLoggingSystem.initializeWithConventions(AbstractLoggingSystem.java:80)
	at org.springframework.boot.logging.AbstractLoggingSystem.initialize(AbstractLoggingSystem.java:60)
	at org.springframework.boot.logging.logback.LogbackLoggingSystem.initialize(LogbackLoggingSystem.java:132)
	at org.springframework.boot.context.logging.LoggingApplicationListener.initializeSystem(LoggingApplicationListener.java:329)
	... 18 common frames omitted
	Suppressed: java.lang.ClassNotFoundException: org.apache.skywalking.apm.toolkit.log.logback.v1.x.TraceIdPatternLogbackLayout
		at java.base/jdk.internal.loader.BuiltinClassLoader.loadClass(BuiltinClassLoader.java:641)
		at java.base/jdk.internal.loader.ClassLoaders$AppClassLoader.loadClass(ClassLoaders.java:188)
		at java.base/java.lang.ClassLoader.loadClass(ClassLoader.java:520)
		at ch.qos.logback.core.util.Loader.loadClass(Loader.java:120)
		at ch.qos.logback.core.joran.action.NestedComplexPropertyIA.begin(NestedComplexPropertyIA.java:102)
		at ch.qos.logback.core.joran.spi.Interpreter.callBeginAction(Interpreter.java:269)
		at ch.qos.logback.core.joran.spi.Interpreter.startElement(Interpreter.java:145)
		at ch.qos.logback.core.joran.spi.Interpreter.startElement(Interpreter.java:128)
		at ch.qos.logback.core.joran.spi.EventPlayer.play(EventPlayer.java:50)
		at ch.qos.logback.core.joran.GenericConfigurator.doConfigure(GenericConfigurator.java:165)
		at ch.qos.logback.core.joran.GenericConfigurator.doConfigure(GenericConfigurator.java:152)
		at ch.qos.logback.core.joran.GenericConfigurator.doConfigure(GenericConfigurator.java:110)
		at ch.qos.logback.core.joran.GenericConfigurator.doConfigure(GenericConfigurator.java:53)
		at org.springframework.boot.logging.logback.LogbackLoggingSystem.configureByResourceUrl(LogbackLoggingSystem.java:199)
		at org.springframework.boot.logging.logback.LogbackLoggingSystem.loadConfiguration(LogbackLoggingSystem.java:165)
		... 22 common frames omitted
